Change Component Designator: Old Designator=C? New Designator=C49
Change Component Designator: Old Designator=C? New Designator=C50
Change Component Designator: Old Designator=C? New Designator=C51
Change Component Designator: Old Designator=C? New Designator=C52
Change Component Designator: Old Designator=C? New Designator=C53
Change Component Designator: Old Designator=C? New Designator=C54
Change Component Designator: Old Designator=C? New Designator=C55
Change Component Designator: Old Designator=C? New Designator=C56
Change Component Designator: Old Designator=C? New Designator=C57
Change Component Designator: Old Designator=C? New Designator=C58
Change Component Designator: Old Designator=C? New Designator=C59
Change Component Designator: Old Designator=C? New Designator=C60
Change Component Designator: Old Designator=C? New Designator=C61
Change Component Designator: Old Designator=C? New Designator=C62
Change Component Designator: Old Designator=C? New Designator=C63
Change Component Designator: Old Designator=C? New Designator=C64
Change Component Designator: Old Designator=DD? New Designator=DD9
Change Component Designator: Old Designator=DD? New Designator=DD10
Change Component Designator: Old Designator=G? New Designator=G1
Change Component Designator: Old Designator=L? New Designator=L3
Change Component Designator: Old Designator=L? New Designator=L4
Change Component Designator: Old Designator=L? New Designator=L5
Change Component Designator: Old Designator=L? New Designator=L6
Change Component Designator: Old Designator=R? New Designator=R275
Change Component Designator: Old Designator=R? New Designator=R276
Change Component Designator: Old Designator=R? New Designator=R277
Change Component Designator: Old Designator=R? New Designator=R278
Change Component Designator: Old Designator=R? New Designator=R279
Change Component Designator: Old Designator=R? New Designator=R280
Change Component Designator: Old Designator=R? New Designator=R281
Change Component Designator: Old Designator=R? New Designator=R282
Change Component Designator: Old Designator=R? New Designator=R283
Change Component Designator: Old Designator=R? New Designator=R284
Change Component Designator: Old Designator=R? New Designator=R285
Change Component Designator: Old Designator=R? New Designator=R286
Change Component Designator: Old Designator=R? New Designator=R287
Change Component Designator: Old Designator=R? New Designator=R288
Change Component Designator: Old Designator=R? New Designator=R289
Change Component Designator: Old Designator=R? New Designator=R290
Change Component Designator: Old Designator=R? New Designator=R291
Change Component Designator: Old Designator=R? New Designator=R292
Change Component Designator: Old Designator=R? New Designator=R293
Change Component Designator: Old Designator=R? New Designator=R294
Change Component Designator: Old Designator=R? New Designator=R295
Change Component Designator: Old Designator=R? New Designator=R296
Change Component Designator: Old Designator=R? New Designator=R297
Change Component Designator: Old Designator=R? New Designator=R298
Change Component Designator: Old Designator=R? New Designator=R299
Change Component Designator: Old Designator=R? New Designator=R300
Change Component Designator: Old Designator=R? New Designator=R301
Change Component Designator: Old Designator=R? New Designator=R302
Change Component Designator: Old Designator=R? New Designator=R303
Change Component Designator: Old Designator=R? New Designator=R304
Change Component Designator: Old Designator=R? New Designator=R305
Change Component Designator: Old Designator=R? New Designator=R306
Change Component Designator: Old Designator=R? New Designator=R307
Change Component Designator: Old Designator=R? New Designator=R308
Change Component Designator: Old Designator=R? New Designator=R309
Change Component Designator: Old Designator=R? New Designator=R310
Change Component Designator: Old Designator=R? New Designator=R311
Change Component Designator: Old Designator=R? New Designator=R312
Change Component Designator: Old Designator=R? New Designator=R313
Change Component Designator: Old Designator=R? New Designator=R314
Change Component Designator: Old Designator=R? New Designator=R315
Change Component Designator: Old Designator=R? New Designator=R316
Change Component Designator: Old Designator=SB? New Designator=SB1
Change Component Designator: Old Designator=X? New Designator=X1
Change Component Designator: Old Designator=X? New Designator=X2
