{ Using PSTWRITER 22.1.0 d001Jun-23-2023 at 10:36:07 }

#1 ERROR(ORCAP-36002): Property "PCB Footprint" missing from instance R31: Allwinner_H3, 06_A3_USB2.0_Debug (210.00, 147.50).
#2 ERROR(ORCAP-36002): Property "PCB Footprint" missing from instance C44: Allwinner_H3, 04_A2_CPU_1 (550.00, 217.50).
#3 ERROR(ORCAP-36002): Property "PCB Footprint" missing from instance C36: Allwinner_H3, 04_A2_CPU_1 (97.50, 385.00).
#4 ERROR(ORCAP-36002): Property "PCB Footprint" missing from instance R17: Allwinner_H3, 02_A2_POWER (500.00, 215.00).
#5 ERROR(ORCAP-36002): Property "PCB Footprint" missing from instance C9: Allwinner_H3, 02_A2_POWER (265.00, 157.50).
#6 ERROR(ORCAP-36002): Property "PCB Footprint" missing from instance R4: Allwinner_H3, 02_A2_POWER (175.00, 145.00).
#7 ERROR(ORCAP-36002): Property "PCB Footprint" missing from instance R32: Allwinner_H3, 06_A3_USB2.0_Debug (297.50, 182.50).
#8 ERROR(ORCAP-36002): Property "PCB Footprint" missing from instance C45: Allwinner_H3, 05_A3_MicroSD (95.00, 65.00).
#9 ERROR(ORCAP-36002): Property "PCB Footprint" missing from instance C31: Allwinner_H3, 04_A2_CPU_1 (352.50, 355.00).
#10 ERROR(ORCAP-36002): Property "PCB Footprint" missing from instance R14: Allwinner_H3, 02_A2_POWER (125.00, 362.50).
#11 ERROR(ORCAP-36002): Property "PCB Footprint" missing from instance R3: Allwinner_H3, 02_A2_POWER (245.00, 85.00).
#12 ERROR(ORCAP-36002): Property "PCB Footprint" missing from instance DA1: Allwinner_H3, 02_A2_POWER (200.00, 45.00).
#13 ERROR(ORCAP-36002): Property "PCB Footprint" missing from instance R33: Allwinner_H3, 06_A3_USB2.0_Debug (237.50, 37.50).
#14 ERROR(ORCAP-36002): Property "PCB Footprint" missing from instance C46: Allwinner_H3, 06_A3_USB2.0_Debug (320.00, 187.50).
#15 ERROR(ORCAP-36002): Property "PCB Footprint" missing from instance C30: Allwinner_H3, 02_A2_POWER (525.00, 305.00).
#16 ERROR(ORCAP-36002): Property "PCB Footprint" missing from instance R15: Allwinner_H3, 02_A2_POWER (470.00, 50.00).
#17 ERROR(ORCAP-36002): Property "PCB Footprint" missing from instance C22: Allwinner_H3, 02_A2_POWER (310.00, 355.00).
#18 ERROR(ORCAP-36002): Property "PCB Footprint" missing from instance DA2: Allwinner_H3, 02_A2_POWER (217.50, 135.00).
#19 ERROR(ORCAP-36002): Property "PCB Footprint" missing from instance R2: Allwinner_H3, 02_A2_POWER (282.50, 65.00).
#20 ERROR(ORCAP-36002): Property "PCB Footprint" missing from instance C47: Allwinner_H3, 06_A3_USB2.0_Debug (352.50, 187.50).
#21 ERROR(ORCAP-36002): Property "PCB Footprint" missing from instance C33: Allwinner_H3, 04_A2_CPU_1 (30.00, 262.50).
#22 ERROR(ORCAP-36002): Property "PCB Footprint" missing from instance C23: Allwinner_H3, 02_A2_POWER (337.50, 355.00).
#23 ERROR(ORCAP-36002): Property "PCB Footprint" missing from instance C19: Allwinner_H3, 02_A2_POWER (512.50, 110.00).
#24 ERROR(ORCAP-36002): Property "PCB Footprint" missing from instance DA3: Allwinner_H3, 02_A2_POWER (145.00, 210.00).
#25 ERROR(ORCAP-36002): Property "PCB Footprint" missing from instance R1: Allwinner_H3, 02_A2_POWER (82.50, 65.00).
#26 ERROR(ORCAP-36002): Property "PCB Footprint" missing from instance C48: Allwinner_H3, 06_A3_USB2.0_Debug (335.00, 65.00).
#27 ERROR(ORCAP-36002): Property "PCB Footprint" missing from instance C32: Allwinner_H3, 04_A2_CPU_1 (420.00, 245.00).
#28 ERROR(ORCAP-36002): Property "PCB Footprint" missing from instance C20: Allwinner_H3, 02_A2_POWER (250.00, 377.50).
#29 ERROR(ORCAP-36002): Property "PCB Footprint" missing from instance DA4: Allwinner_H3, 02_A2_POWER (165.00, 335.00).
#30 ERROR(ORCAP-36002): Property "PCB Footprint" missing from instance C18: Allwinner_H3, 02_A2_POWER (480.00, 110.00).
#31 ERROR(ORCAP-36002): Property "PCB Footprint" missing from instance C4: Allwinner_H3, 02_A2_POWER (352.50, 65.00).
#32 ERROR(ORCAP-36002): Property "PCB Footprint" missing from instance C49: Allwinner_H3, 06_A3_USB2.0_Debug (372.50, 65.00).
#33 ERROR(ORCAP-36002): Property "PCB Footprint" missing from instance R29: Allwinner_H3, 05_A3_MicroSD (130.00, 120.00).
#34 ERROR(ORCAP-36002): Property "PCB Footprint" missing from instance DA5: Allwinner_H3, 02_A2_POWER (410.00, 282.50).
#35 ERROR(ORCAP-36002): Property "PCB Footprint" missing from instance R18: Allwinner_H3, 02_A2_POWER (367.50, 292.50).
#36 ERROR(ORCAP-36002): Property "PCB Footprint" missing from instance C21: Allwinner_H3, 02_A2_POWER (282.50, 355.00).
#37 ERROR(ORCAP-36002): Property "PCB Footprint" missing from instance C17: Allwinner_H3, 02_A2_POWER (405.00, 110.00).
#38 ERROR(ORCAP-36002): Property "PCB Footprint" missing from instance C5: Allwinner_H3, 02_A2_POWER (290.00, 82.50).
#39 ERROR(ORCAP-36002): Property "PCB Footprint" missing from instance VD4: Allwinner_H3, 05_A3_MicroSD (82.50, 187.50).
#40 ERROR(ORCAP-36002): Property "PCB Footprint" missing from instance R28: Allwinner_H3, 05_A3_MicroSD (160.00, 55.00).
#41 ERROR(ORCAP-36002): Property "PCB Footprint" missing from instance R19: Allwinner_H3, 03_A4_POWER_TREE (147.50, 152.50).
#42 ERROR(ORCAP-36002): Property "PCB Footprint" missing from instance C26: Allwinner_H3, 02_A2_POWER (85.00, 352.50).
#43 ERROR(ORCAP-36002): Property "PCB Footprint" missing from instance C16: Allwinner_H3, 02_A2_POWER (380.00, 232.50).
#44 ERROR(ORCAP-36002): Property "PCB Footprint" missing from instance C6: Allwinner_H3, 02_A2_POWER (117.50, 150.00).
#45 ERROR(ORCAP-36002): Property "PCB Footprint" missing from instance R27: Allwinner_H3, 05_A3_MicroSD (65.00, 50.00).
#46 ERROR(ORCAP-36002): Property "PCB Footprint" missing from instance C27: Allwinner_H3, 02_A2_POWER (310.00, 297.50).
#47 ERROR(ORCAP-36002): Property "PCB Footprint" missing from instance C15: Allwinner_H3, 02_A2_POWER (345.00, 232.50).
#48 ERROR(ORCAP-36002): Property "PCB Footprint" missing from instance C7: Allwinner_H3, 02_A2_POWER (302.50, 157.50).
#49 ERROR(ORCAP-36002): Property "PCB Footprint" missing from instance R38: Allwinner_H3, 06_A3_USB2.0_Debug (95.00, 190.00).
#50 ERROR(ORCAP-36002): Property "PCB Footprint" missing from instance VD6: Allwinner_H3, 06_A3_USB2.0_Debug (155.00, 150.00).
#51 ERROR(ORCAP-36002): Property "PCB Footprint" missing from instance R26: Allwinner_H3, 05_A3_MicroSD (185.00, 55.00).
#52 ERROR(ORCAP-36002): Property "PCB Footprint" missing from instance C24: Allwinner_H3, 02_A2_POWER (22.50, 352.50).
#53 ERROR(ORCAP-36002): Property "PCB Footprint" missing from instance C14: Allwinner_H3, 02_A2_POWER (312.50, 232.50).
#54 ERROR(ORCAP-36002): Property "PCB Footprint" missing from instance R25: Allwinner_H3, 04_A2_CPU_1 (527.50, 215.00).
#55 ERROR(ORCAP-36002): Property "PCB Footprint" missing from instance C39: Allwinner_H3, 04_A2_CPU_1 (435.00, 295.00).
#56 ERROR(ORCAP-36002): Property "PCB Footprint" missing from instance C25: Allwinner_H3, 02_A2_POWER (55.00, 352.50).
#57 ERROR(ORCAP-36002): Property "PCB Footprint" missing from instance C13: Allwinner_H3, 02_A2_POWER (210.00, 210.00).
#58 ERROR(ORCAP-36002): Property "PCB Footprint" missing from instance VD1: Allwinner_H3, 02_A2_POWER (47.50, 47.50).
#59 ERROR(ORCAP-36002): Property "PCB Footprint" missing from instance C1: Allwinner_H3, 02_A2_POWER (117.50, 62.50).
#60 ERROR(ORCAP-36002): Property "PCB Footprint" missing from instance C51: Allwinner_H3, 06_A3_USB2.0_Debug (152.50, 45.00).
#61 ERROR(ORCAP-36002): Property "PCB Footprint" missing from instance R24: Allwinner_H3, 04_A2_CPU_1 (512.50, 355.00).
#62 ERROR(ORCAP-36002): Property "PCB Footprint" missing from instance C38: Allwinner_H3, 04_A2_CPU_1 (422.50, 352.50).
#63 ERROR(ORCAP-36002): Property "PCB Footprint" missing from instance C12: Allwinner_H3, 02_A2_POWER (30.00, 235.00).
#64 ERROR(ORCAP-36002): Property "PCB Footprint" missing from instance C2: Allwinner_H3, 02_A2_POWER (147.50, 62.50).
#65 ERROR(ORCAP-36002): Property "PCB Footprint" missing from instance C50: Allwinner_H3, 06_A3_USB2.0_Debug (97.50, 57.50).
#66 ERROR(ORCAP-36002): Property "PCB Footprint" missing from instance VD3: Allwinner_H3, 05_A3_MicroSD (267.50, 187.50).
#67 ERROR(ORCAP-36002): Property "PCB Footprint" missing from instance R23: Allwinner_H3, 04_A2_CPU_1 (55.00, 317.50).
#68 ERROR(ORCAP-36002): Property "PCB Footprint" missing from instance VT1: Allwinner_H3, 02_A2_POWER (445.00, 95.00).
#69 ERROR(ORCAP-36002): Property "PCB Footprint" missing from instance R9: Allwinner_H3, 02_A2_POWER (82.50, 292.50).
#70 ERROR(ORCAP-36002): Property "PCB Footprint" missing from instance C11: Allwinner_H3, 02_A2_POWER (95.00, 235.00).
#71 ERROR(ORCAP-36002): Property "PCB Footprint" missing from instance L1: Allwinner_H3, 02_A2_POWER (265.00, 50.00).
#72 ERROR(ORCAP-36002): Property "PCB Footprint" missing from instance C3: Allwinner_H3, 02_A2_POWER (325.00, 65.00).
#73 ERROR(ORCAP-36002): Property "PCB Footprint" missing from instance R34: Allwinner_H3, 06_A3_USB2.0_Debug (110.00, 95.00).
#74 ERROR(ORCAP-36002): Property "PCB Footprint" missing from instance R22: Allwinner_H3, 04_A2_CPU_1 (460.00, 150.00).
#75 ERROR(ORCAP-36002): Property "PCB Footprint" missing from instance C28: Allwinner_H3, 02_A2_POWER (457.50, 305.00).
#76 ERROR(ORCAP-36002): Property "PCB Footprint" missing from instance R12: Allwinner_H3, 02_A2_POWER (212.50, 372.50).
#77 ERROR(ORCAP-36002): Property "PCB Footprint" missing from instance R8: Allwinner_H3, 02_A2_POWER (82.50, 275.00).
#78 ERROR(ORCAP-36002): Property "PCB Footprint" missing from instance C10: Allwinner_H3, 02_A2_POWER (62.50, 235.00).
#79 ERROR(ORCAP-36002): Property "PCB Footprint" missing from instance VD2: Allwinner_H3, 02_A2_POWER (82.50, 100.00).
#80 ERROR(ORCAP-36002): Property "PCB Footprint" missing from instance R35: Allwinner_H3, 06_A3_USB2.0_Debug (110.00, 105.00).
#81 ERROR(ORCAP-36002): Property "PCB Footprint" missing from instance C40: Allwinner_H3, 04_A2_CPU_1 (467.50, 295.00).
#82 ERROR(ORCAP-36002): Property "PCB Footprint" missing from instance R21: Allwinner_H3, 03_A4_POWER_TREE (145.00, 215.00).
#83 ERROR(ORCAP-36002): Property "PCB Footprint" missing from instance C29: Allwinner_H3, 02_A2_POWER (490.00, 305.00).
#84 ERROR(ORCAP-36002): Property "PCB Footprint" missing from instance R13: Allwinner_H3, 02_A2_POWER (115.00, 317.50).
#85 ERROR(ORCAP-36002): Property "PCB Footprint" missing from instance L3: Allwinner_H3, 02_A2_POWER (225.00, 340.00).
#86 ERROR(ORCAP-36002): Property "PCB Footprint" missing from instance VT2: Allwinner_H3, 06_A3_USB2.0_Debug (145.00, 185.00).
#87 ERROR(ORCAP-36002): Property "PCB Footprint" missing from instance R36: Allwinner_H3, 06_A3_USB2.0_Debug (155.00, 225.00).
#88 ERROR(ORCAP-36002): Property "PCB Footprint" missing from instance DD2: Allwinner_H3, 06_A3_USB2.0_Debug (147.50, 80.00).
#89 ERROR(ORCAP-36002): Property "PCB Footprint" missing from instance C41: Allwinner_H3, 04_A2_CPU_1 (500.00, 295.00).
#90 ERROR(ORCAP-36002): Property "PCB Footprint" missing from instance C35: Allwinner_H3, 04_A2_CPU_1 (135.00, 385.00).
#91 ERROR(ORCAP-36002): Property "PCB Footprint" missing from instance R20: Allwinner_H3, 03_A4_POWER_TREE (145.00, 197.50).
#92 ERROR(ORCAP-36002): Property "PCB Footprint" missing from instance R10: Allwinner_H3, 02_A2_POWER (445.00, 165.00).
#93 ERROR(ORCAP-36002): Property "PCB Footprint" missing from instance L2: Allwinner_H3, 02_A2_POWER (282.50, 215.00).
#94 ERROR(ORCAP-36002): Property "PCB Footprint" missing from instance R7: Allwinner_H3, 02_A2_POWER (230.00, 240.00).
#95 ERROR(ORCAP-36002): Property "PCB Footprint" missing from instance R37: Allwinner_H3, 06_A3_USB2.0_Debug (120.00, 215.00).
#96 ERROR(ORCAP-36002): Property "PCB Footprint" missing from instance J2: Allwinner_H3, 06_A3_USB2.0_Debug (277.50, 15.00).
#97 ERROR(ORCAP-36002): Property "PCB Footprint" missing from instance C42: Allwinner_H3, 04_A2_CPU_1 (532.50, 295.00).
#98 ERROR(ORCAP-36002): Property "PCB Footprint" missing from instance C34: Allwinner_H3, 04_A2_CPU_1 (30.00, 295.00).
#99 ERROR(ORCAP-36002): Property "PCB Footprint" missing from instance DD1-1: Allwinner_H3, 04_A2_CPU_1 (205.00, 22.50).
#100 ERROR(ORCAP-36002): Property "PCB Footprint" missing from instance R11: Allwinner_H3, 02_A2_POWER (247.50, 355.00).
#101 ERROR(ORCAP-36002): Property "PCB Footprint" missing from instance R6: Allwinner_H3, 02_A2_POWER (207.50, 257.50).
#102 ERROR(ORCAP-36002): Property "PCB Footprint" missing from instance R30: Allwinner_H3, 06_A3_USB2.0_Debug (235.00, 147.50).
#103 ERROR(ORCAP-36002): Property "PCB Footprint" missing from instance J1: Allwinner_H3, 05_A3_MicroSD (230.00, 95.00).
#104 ERROR(ORCAP-36002): Property "PCB Footprint" missing from instance C43: Allwinner_H3, 04_A2_CPU_1 (485.00, 217.50).
#105 ERROR(ORCAP-36002): Property "PCB Footprint" missing from instance C37: Allwinner_H3, 04_A2_CPU_1 (390.00, 352.50).
#106 ERROR(ORCAP-36002): Property "PCB Footprint" missing from instance R16: Allwinner_H3, 02_A2_POWER (475.00, 215.00).
#107 ERROR(ORCAP-36002): Property "PCB Footprint" missing from instance R5: Allwinner_H3, 02_A2_POWER (395.00, 50.00).
#108 ERROR(ORCAP-36002): Property "PCB Footprint" missing from instance C8: Allwinner_H3, 02_A2_POWER (332.50, 157.50).
#109 ERROR(ORCAP-36041): Duplicate Pin Name "CA" found on Package PESD3V3X4UHMYL , VD4 Pin Number 5: Allwinner_H3, 05_A3_MicroSD (82.50, 187.50). Renumber one of these.
#110 ERROR(ORCAP-36041): Duplicate Pin Name "CA" found on Package PESD3V3X4UHMYL , VD3 Pin Number 5: Allwinner_H3, 05_A3_MicroSD (267.50, 187.50). Renumber one of these.
#111 ERROR(ORCAP-36018): Netlisting cannot complete because of the errors listed above in the session log. Correct the errors and netlist design.